<?xml version="1.0" encoding="UTF-8"?>
<!-- Generated by org.testng.reporters.JUnitXMLReporter -->
<testsuite ignored="0" hostname="DESKTOP-KM0QCD1" failures="0" tests="12" name="Medicare Web Application Test" time="129.197" errors="0" timestamp="2024-01-27T10:34:39 IST">
  <testcase classname="MphasisATE_CapstoneProject_Selenium_TestNG_Medicare.MedicareLoginPage" name="testLoginPage" time="5.933"/>
  <testcase classname="MphasisATE_CapstoneProject_Selenium_TestNG_Medicare.MedicareRegisterPage" name="testRegisterPage" time="3.132"/>
  <testcase classname="MphasisATE_CapstoneProject_Selenium_TestNG_Medicare.MedicareAddProductToCart" name="testRegisterPage" time="3.188"/>
  <testcase classname="MphasisATE_CapstoneProject_Selenium_TestNG_Medicare.MedicareAddProductToCart" name="testCartPage" time="13.267"/>
  <testcase classname="MphasisATE_CapstoneProject_Selenium_TestNG_Medicare.MedicarePlaceOrderPage" name="testRegisterPage" time="3.302"/>
  <testcase classname="MphasisATE_CapstoneProject_Selenium_TestNG_Medicare.MedicarePlaceOrderPage" name="testCartPage" time="13.667"/>
  <testcase classname="MphasisATE_CapstoneProject_Selenium_TestNG_Medicare.MedicarePlaceOrderPage" name="PlaceOrder" time="6.888"/>
  <testcase classname="MphasisATE_CapstoneProject_Selenium_TestNG_Medicare.MedicareSearchProduct" name="testRegisterPage" time="3.061"/>
  <testcase classname="MphasisATE_CapstoneProject_Selenium_TestNG_Medicare.MedicareSearchProduct" name="Searchtheproduct" time="6.585"/>
  <testcase classname="MphasisATE_CapstoneProject_Selenium_TestNG_Medicare.MedicareFilterProduct" name="testRegisterPage" time="3.03"/>
  <testcase classname="MphasisATE_CapstoneProject_Selenium_TestNG_Medicare.MedicareFilterProduct" name="Filtertheproduct" time="18.116"/>
  <testcase classname="MphasisATE_CapstoneProject_Selenium_TestNG_Medicare.MedicareLogoutPage" name="testRegisterPage" time="3.613"/>
</testsuite> <!-- Medicare Web Application Test -->
