<?xml version="1.0" encoding="UTF-8"?>
<!-- Generated by org.testng.reporters.JUnitXMLReporter -->
<testsuite ignored="0" hostname="DESKTOP-KM0QCD1" failures="0" tests="6" name="Medicare" time="7.843" errors="0" timestamp="2024-01-27T09:47:28 IST">
  <testcase classname="MphasisATE_CapstoneProjectRestAssured_TestNG_Medicare.GetProducts" name="testGetProducts" time="6.508"/>
  <testcase classname="MphasisATE_CapstoneProjectRestAssured_TestNG_Medicare.GetRegisteredUser" name="testGetProducts" time="0.138"/>
  <testcase classname="MphasisATE_CapstoneProjectRestAssured_TestNG_Medicare.PostAddProduct" name="testGetProducts" time="0.273"/>
  <testcase classname="MphasisATE_CapstoneProjectRestAssured_TestNG_Medicare.PutUpdateProduct" name="testPutUpdate" time="0.284"/>
  <testcase classname="MphasisATE_CapstoneProjectRestAssured_TestNG_Medicare.PutUpdateStatusProduct" name="testPostUpdateProductStatus" time="0.253"/>
  <testcase classname="MphasisATE_CapstoneProjectRestAssured_TestNG_Medicare.DeleteProduct" name="testGetProducts" time="0.218"/>
</testsuite> <!-- Medicare -->
