<?xml version="1.0" encoding="UTF-8"?>
<!-- Generated by org.testng.reporters.JUnitXMLReporter -->
<testsuite ignored="0" hostname="DESKTOP-KM0QCD1" failures="0" tests="3" name="Assignment_01" time="8.715" errors="0" timestamp="2024-01-22T19:43:25 IST">
  <testcase classname="Phase3.Assignment01_RestAssured.PostRequest" name="testPostPet" time="6.021"/>
  <testcase classname="Phase3.Assignment01_RestAssured.GetRequest" name="testGetPet" time="1.306"/>
  <testcase classname="Phase3.Assignment01_RestAssured.DeleteRequest" name="testGetPet" time="1.238"/>
</testsuite> <!-- Assignment_01 -->
