<?xml version="1.0" encoding="UTF-8"?>
<!-- Generated by org.testng.reporters.JUnitXMLReporter -->
<testsuite ignored="0" hostname="DESKTOP-KM0QCD1" failures="0" tests="6" name="Default test" time="107.287" errors="0" timestamp="2024-01-04T17:39:31 IST">
  <testcase classname="phase2.Final.Project.StarHeathTest.StarHealthTest" name="hoverOverPlansMenuAndClickForMyFamily" time="7.354"/>
  <testcase classname="phase2.Final.Project.StarHeathTest.StarHealthTest" name="inputs_data" time="10.06"/>
  <testcase classname="phase2.Final.Project.StarHeathTest.StarHealthTest" name="printAllLinksOnHomePage" time="46.474"/>
  <testcase classname="phase2.Final.Project.StarHeathTest.StarHealthTest" name="validateSocialMediaLinksInFooter" time="7.749"/>
  <testcase classname="phase2.Final.Project.StarHeathTest.StarHealthTest" name="validateStarHealthLogoAlt" time="4.525"/>
  <testcase classname="phase2.Final.Project.StarHeathTest.StarHealthTest" name="validateTwitterPageOpensInNewTab" time="7.621"/>
</testsuite> <!-- Default test -->
