<?xml version="1.0" encoding="UTF-8"?>
<!-- Generated by org.testng.reporters.JUnitXMLReporter -->
<testsuite ignored="0" hostname="DESKTOP-KM0QCD1" failures="0" tests="8" name="REST APIs" time="23.134" errors="0" timestamp="2024-01-22T16:49:12 IST">
  <testcase classname="Phase3.RestAssuredLearningPractice.practice2_GetRequestAndResponse" name="getRequestTest" time="6.238"/>
  <testcase classname="Phase3.RestAssuredLearningPractice.practice3_PostRequestAndResponse" name="postRequestTest" time="3.42"/>
  <testcase classname="Phase3.RestAssuredLearningPractice.practice3_PostRequestAndResponse" name="postRequestTest2" time="2.956"/>
  <testcase classname="Phase3.RestAssuredLearningPractice.putRequest" name="putRequestTest" time="3.053"/>
  <testcase classname="Phase3.RestAssuredLearningPractice.patchRequest" name="putRequestTest" time="2.419"/>
  <testcase classname="Phase3.RestAssuredLearningPractice.deleteRequest" name="putRequestTest" time="3.176"/>
  <testcase classname="Phase3.RestAssuredLearningPractice.deleteRequest" name="putRequestTest" time="0.86"/>
  <testcase classname="Phase3.RestAssuredLearningPractice.deleteRequest" name="putRequestTest" time="0.808"/>
</testsuite> <!-- REST APIs -->
