<?xml version="1.0" encoding="UTF-8"?>
<!-- Generated by org.testng.reporters.JUnitXMLReporter -->
<testsuite ignored="0" hostname="DESKTOP-KM0QCD1" failures="0" tests="6" name="REST Auth" time="7.209" errors="0" timestamp="2024-01-22T16:49:27 IST">
  <testcase classname="Phase3.RestAssuredAuthenticationPractice.AuthenticationTest" name="testAuthenticationToken" time="1.898"/>
  <testcase classname="Phase3.RestAssuredAuthenticationPractice.OAuth_AuthenticationTest" name="testAuthenticationCurrentauthUserFromToken" time="1.712"/>
  <testcase classname="Phase3.RestAssuredAuthenticationPractice.OAuth_AuthenticationTest" name="testAuthenticationwithToken" time="1.54"/>
  <testcase classname="Phase3.RestAssuredAuthenticationPractice.OAuth_AuthenticationTest" name="testAuthenticationwithUserCredentials" time="0.79"/>
  <testcase classname="Phase3.RestAssuredAuthenticationPractice.Practice7_SSLauthentication" name="TestSSLAuthentication1" time="0.746"/>
  <testcase classname="Phase3.RestAssuredAuthenticationPractice.Practice7_SSLauthentication" name="TestSSLAuthentication2" time="0.485"/>
</testsuite> <!-- REST Auth -->
