<?xml version="1.0" encoding="UTF-8"?>
<!-- Generated by org.testng.reporters.JUnitXMLReporter -->
<testsuite ignored="0" hostname="DESKTOP-KM0QCD1" failures="1" tests="6" name="SOAP APIs" time="7.496" errors="0" timestamp="2024-01-22T16:49:20 IST">
  <testcase classname="Phase3.RestAssuredLearningPractice.PostRequestForCountryCode" name="TestPostMethod" time="0.792">
    <failure type="java.lang.AssertionError" message="1 expectation failed.
Expected status code &amp;lt;200&amp;gt; but was &amp;lt;500&amp;gt;.
">
      <![CDATA[java.lang.AssertionError: 1 expectation failed.
Expected status code <200> but was <500>.

at org.codehaus.groovy.runtime.callsite.ConstructorSite$ConstructorSiteNoUnwrapNoCoerce.callConstructor(ConstructorSite.java:108)
at org.codehaus.groovy.runtime.callsite.CallSiteArray.defaultCallConstructor(CallSiteArray.java:57)
at org.codehaus.groovy.runtime.callsite.AbstractCallSite.callConstructor(AbstractCallSite.java:263)
at org.codehaus.groovy.runtime.callsite.AbstractCallSite.callConstructor(AbstractCallSite.java:277)
at io.restassured.internal.ResponseSpecificationImpl$HamcrestAssertionClosure.validate(ResponseSpecificationImpl.groovy:512)
at io.restassured.internal.ResponseSpecificationImpl$HamcrestAssertionClosure$validate$1.call(Unknown Source)
at io.restassured.internal.ResponseSpecificationImpl.validateResponseIfRequired(ResponseSpecificationImpl.groovy:696)
at io.restassured.internal.ResponseSpecificationImpl.this$2$validateResponseIfRequired(ResponseSpecificationImpl.groovy)
at org.codehaus.groovy.runtime.callsite.PlainObjectMetaMethodSite.doInvoke(PlainObjectMetaMethodSite.java:43)
at org.codehaus.groovy.runtime.callsite.PogoMetaMethodSite$PogoCachedMethodSiteNoUnwrapNoCoerce.invoke(PogoMetaMethodSite.java:198)
at org.codehaus.groovy.runtime.callsite.PogoMetaMethodSite.callCurrent(PogoMetaMethodSite.java:62)
at org.codehaus.groovy.runtime.callsite.AbstractCallSite.callCurrent(AbstractCallSite.java:185)
at io.restassured.internal.ResponseSpecificationImpl.statusCode(ResponseSpecificationImpl.groovy:135)
at io.restassured.specification.ResponseSpecification$statusCode$0.callCurrent(Unknown Source)
at io.restassured.internal.ResponseSpecificationImpl.statusCode(ResponseSpecificationImpl.groovy:143)
at io.restassured.internal.ValidatableResponseOptionsImpl.statusCode(ValidatableResponseOptionsImpl.java:89)
at Phase3.RestAssuredLearningPractice.PostRequestForCountryCode.TestPostMethod(PostRequestForCountryCode.java:35)
at java.base/java.util.ArrayList.forEach(ArrayList.java:1596)
... Removed 31 stack frames]]>
    </failure>
  </testcase> <!-- TestPostMethod -->
  <testcase classname="Phase3.RestAssuredLearningPractice.practice5_GET_POST_XMLandJSON" name="postXMLRequestTest" time="1.546"/>
  <testcase classname="Phase3.RestAssuredLearningPractice.practice4_SendXMLPayloadinRESTassuredParseXMLResponseinRESTAssured" name="postXMLRequestTest" time="1.512"/>
  <testcase classname="Phase3.RestAssuredLearningPractice.practice4_SendXMLPayloadinRESTassuredParseXMLResponseinRESTAssured" name="postXMLRequestTest" time="1.156"/>
  <testcase classname="Phase3.RestAssuredLearningPractice.practice4_SendXMLPayloadinRESTassuredParseXMLResponseinRESTAssured" name="postXMLRequestTest" time="1.202"/>
  <testcase classname="Phase3.RestAssuredLearningPractice.practice4_SendXMLPayloadinRESTassuredParseXMLResponseinRESTAssured" name="postXMLRequestTest" time="1.231"/>
</testsuite> <!-- SOAP APIs -->
