<?xml version="1.0" encoding="UTF-8"?>
<!-- Generated by org.testng.reporters.JUnitXMLReporter -->
<testsuite ignored="0" hostname="DESKTOP-KM0QCD1" failures="0" tests="6" name="Medicare" time="6.231" errors="0" timestamp="2024-01-25T17:56:15 IST">
  <testcase classname="MphasisATE_CapstoneProjectRestAssured_TestNG_Medicare.GetProducts" name="testGetProducts" time="5.407"/>
  <testcase classname="MphasisATE_CapstoneProjectRestAssured_TestNG_Medicare.GetRegisteredUser" name="testGetProducts" time="0.094"/>
  <testcase classname="MphasisATE_CapstoneProjectRestAssured_TestNG_Medicare.PostAddProduct" name="testGetProducts" time="0.196"/>
  <testcase classname="MphasisATE_CapstoneProjectRestAssured_TestNG_Medicare.PutUpdateProduct" name="testPutUpdate" time="0.096"/>
  <testcase classname="MphasisATE_CapstoneProjectRestAssured_TestNG_Medicare.PutUpdateStatusProduct" name="testPostUpdateProductStatus" time="0.107"/>
  <testcase classname="MphasisATE_CapstoneProjectRestAssured_TestNG_Medicare.DeleteProduct" name="testGetProducts" time="0.16"/>
</testsuite> <!-- Medicare -->
