<?xml version="1.0" encoding="UTF-8"?>
<!-- Generated by org.testng.reporters.JUnitXMLReporter -->
<testsuite ignored="0" hostname="DESKTOP-KM0QCD1" failures="0" tests="4" name="Default test" time="9.054" errors="0" timestamp="2024-01-22T20:10:25 IST">
  <testcase classname="Phase3.RestAssuredLearningPractice.practice4_SendXMLPayloadinRESTassuredParseXMLResponseinRESTAssured" name="postXMLRequestTest" time="5.255"/>
  <testcase classname="Phase3.RestAssuredLearningPractice.practice4_SendXMLPayloadinRESTassuredParseXMLResponseinRESTAssured" name="postXMLRequestTest" time="1.193"/>
  <testcase classname="Phase3.RestAssuredLearningPractice.practice4_SendXMLPayloadinRESTassuredParseXMLResponseinRESTAssured" name="postXMLRequestTest" time="1.232"/>
  <testcase classname="Phase3.RestAssuredLearningPractice.practice4_SendXMLPayloadinRESTassuredParseXMLResponseinRESTAssured" name="postXMLRequestTest" time="1.213"/>
</testsuite> <!-- Default test -->
