<?xml version="1.0" encoding="UTF-8"?>
<testng-results ignored="0" total="2" passed="2" failed="0" skipped="0">
  <reporter-output>
  </reporter-output>
  <suite started-at="2023-12-21T16:25:24 IST" name="Default suite" finished-at="2023-12-21T16:26:01 IST" duration-ms="37424">
    <groups>
    </groups>
    <test started-at="2023-12-21T16:25:24 IST" name="Default test" finished-at="2023-12-21T16:26:01 IST" duration-ms="37424">
      <class name="com.phase2projectRedBusTicket.com.RedBusTest">
        <test-method is-config="true" signature="beforeClass()[pri:0, instance:com.phase2projectRedBusTicket.com.RedBusTest@27462a88]" started-at="2023-12-21T16:25:24 IST" name="beforeClass" finished-at="2023-12-21T16:25:24 IST" duration-ms="521" status="PASS">
          <reporter-output>
          </reporter-output>
        </test-method> <!-- beforeClass -->
        <test-method signature="chromeTest()[pri:0, instance:com.phase2projectRedBusTicket.com.RedBusTest@27462a88]" started-at="2023-12-21T16:25:25 IST" name="chromeTest" finished-at="2023-12-21T16:25:37 IST" duration-ms="12718" status="PASS">
          <reporter-output>
          </reporter-output>
        </test-method> <!-- chromeTest -->
        <test-method signature="edgeTest()[pri:0, instance:com.phase2projectRedBusTicket.com.RedBusTest@27462a88]" started-at="2023-12-21T16:25:37 IST" name="edgeTest" finished-at="2023-12-21T16:26:00 IST" duration-ms="22543" status="PASS">
          <reporter-output>
          </reporter-output>
        </test-method> <!-- edgeTest -->
        <test-method is-config="true" signature="afterClass()[pri:0, instance:com.phase2projectRedBusTicket.com.RedBusTest@27462a88]" started-at="2023-12-21T16:26:00 IST" name="afterClass" finished-at="2023-12-21T16:26:01 IST" duration-ms="1484" status="PASS">
          <reporter-output>
          </reporter-output>
        </test-method> <!-- afterClass -->
      </class> <!-- com.phase2projectRedBusTicket.com.RedBusTest -->
    </test> <!-- Default test -->
  </suite> <!-- Default suite -->
</testng-results>
