<?xml version="1.0" encoding="UTF-8"?>
<!-- Generated by org.testng.reporters.JUnitXMLReporter -->
<testsuite ignored="2" hostname="DESKTOP-KM0QCD1" failures="0" tests="0" time="0.022" errors="0" timestamp="2023-12-21T16:03:14 IST">
  <testcase classname="com.phase2projectRedBusTicket.com.RedBusTest" name="edgeTest" time="0.0">
    <ignored/>
  </testcase> <!-- edgeTest -->
  <testcase classname="com.phase2projectRedBusTicket.com.RedBusTest" name="chromeTest" time="0.0">
    <ignored/>
  </testcase> <!-- chromeTest -->
</testsuite>
