<?xml version="1.0" encoding="UTF-8"?>
<testsuite name="TestSuite" time="11.891" tests="7" errors="0" skipped="0" failures="0">
  <properties>
[...]
</properties>
  <testcase name="testDebugLogs" classname="Phase3.RestAssured.Log4j.TestLog4j" time="0.012"/>
  <testcase name="testErrorLogs" classname="Phase3.RestAssured.Log4j.TestLog4j" time="0.001"/>
  <testcase name="testInfoLogs" classname="Phase3.RestAssured.Log4j.TestLog4j" time="0.001"/>
  <testcase name="testWarnLogs" classname="Phase3.RestAssured.Log4j.TestLog4j" time="0.001"/>
  <testcase name="testAuthenticationCurrentauthUserFromToken" classname="Phase3.RestAssuredAuthenticationPractice.OAuth_AuthenticationTest" time="9.561"/>
  <testcase name="testAuthenticationwithToken" classname="Phase3.RestAssuredAuthenticationPractice.OAuth_AuthenticationTest" time="1.556"/>
  <testcase name="testAuthenticationwithUserCredentials" classname="Phase3.RestAssuredAuthenticationPractice.OAuth_AuthenticationTest" time="0.759"/>
</testsuite>