<?xml version="1.0" encoding="UTF-8"?>
<testng-results ignored="0" total="1" passed="1" failed="0" skipped="0">
  <reporter-output>
  </reporter-output>
  <suite started-at="2023-12-21T21:31:54 IST" name="Default suite" finished-at="2023-12-21T21:31:56 IST" duration-ms="1204">
    <groups>
    </groups>
    <test started-at="2023-12-21T21:31:54 IST" name="Default test" finished-at="2023-12-21T21:31:56 IST" duration-ms="1204">
      <class name="com.practice.stockcheck.StockCountCheck">
        <test-method signature="testCheckStockAvailability()[pri:0, instance:com.practice.stockcheck.StockCountCheck@22ef9844]" started-at="2023-12-21T21:31:54 IST" name="testCheckStockAvailability" finished-at="2023-12-21T21:31:56 IST" duration-ms="1131" status="PASS">
          <reporter-output>
          </reporter-output>
        </test-method> <!-- testCheckStockAvailability -->
      </class> <!-- com.practice.stockcheck.StockCountCheck -->
    </test> <!-- Default test -->
  </suite> <!-- Default suite -->
</testng-results>
