<?xml version="1.0" encoding="UTF-8"?>
<testsuite name="Medicare Web Application Test"
           tests="2"
           failures="0"
           errors="0"
           skipped="0"
           time="21.146">
  <properties />
  
  
            <testcase name="testRegisterPage" time="3.030" classname="MphasisATE_CapstoneProject_Selenium_TestNG_Medicare.MedicareFilterProduct" />
                <testcase name="Filtertheproduct" time="18.116" classname="MphasisATE_CapstoneProject_Selenium_TestNG_Medicare.MedicareFilterProduct" />
      
</testsuite>
