<?xml version="1.0" encoding="UTF-8"?>
<testng-results ignored="0" total="1" passed="1" failed="0" skipped="0">
  <reporter-output>
  </reporter-output>
  <suite started-at="2023-12-21T22:52:35 IST" name="Default suite" finished-at="2023-12-21T22:52:37 IST" duration-ms="1443">
    <groups>
    </groups>
    <test started-at="2023-12-21T22:52:35 IST" name="Default test" finished-at="2023-12-21T22:52:37 IST" duration-ms="1443">
      <class name="com.practice.stockcheck.StockCountCheck">
        <test-method signature="testCheckStockAvailability()[pri:0, instance:com.practice.stockcheck.StockCountCheck@169e6180]" started-at="2023-12-21T22:52:35 IST" name="testCheckStockAvailability" finished-at="2023-12-21T22:52:37 IST" duration-ms="1350" status="PASS">
          <reporter-output>
          </reporter-output>
        </test-method> <!-- testCheckStockAvailability -->
      </class> <!-- com.practice.stockcheck.StockCountCheck -->
    </test> <!-- Default test -->
  </suite> <!-- Default suite -->
</testng-results>
