<?xml version="1.0" encoding="UTF-8"?>
<testng-results ignored="0" total="1" passed="1" failed="0" skipped="0">
  <reporter-output>
  </reporter-output>
  <suite started-at="2024-01-22T22:44:54 IST" name="Default suite" finished-at="2024-01-22T22:45:02 IST" duration-ms="7340">
    <groups>
    </groups>
    <test started-at="2024-01-22T22:44:54 IST" name="Default test" finished-at="2024-01-22T22:45:02 IST" duration-ms="7340">
      <class name="Phase3.Assignment06.RestAssured.UserLogout">
        <test-method signature="TestUserLogout()[pri:0, instance:Phase3.Assignment06.RestAssured.UserLogout@6c64cb25]" started-at="2024-01-22T22:44:54 IST" name="TestUserLogout" description=" userLogout get method with the rest assured" finished-at="2024-01-22T22:45:02 IST" duration-ms="7228" status="PASS">
          <reporter-output>
          </reporter-output>
        </test-method> <!-- TestUserLogout -->
      </class> <!-- Phase3.Assignment06.RestAssured.UserLogout -->
    </test> <!-- Default test -->
  </suite> <!-- Default suite -->
</testng-results>
