<?xml version="1.0" encoding="UTF-8"?>
<testng-results ignored="0" total="1" passed="1" failed="0" skipped="0">
  <reporter-output>
  </reporter-output>
  <suite started-at="2024-01-27T10:07:26 IST" name="Default suite" finished-at="2024-01-27T10:07:33 IST" duration-ms="7017">
    <groups>
    </groups>
    <test started-at="2024-01-27T10:07:26 IST" name="Default test" finished-at="2024-01-27T10:07:33 IST" duration-ms="7017">
      <class name="MphasisATE_CapstoneProjectRestAssured_TestNG_Medicare.DeleteProduct">
        <test-method signature="testGetProducts()[pri:0, instance:MphasisATE_CapstoneProjectRestAssured_TestNG_Medicare.DeleteProduct@5fbe4146]" started-at="2024-01-27T10:07:26 IST" name="testGetProducts" description="Delete request method to delete product" finished-at="2024-01-27T10:07:33 IST" duration-ms="6901" status="PASS">
          <reporter-output>
          </reporter-output>
        </test-method> <!-- testGetProducts -->
      </class> <!-- MphasisATE_CapstoneProjectRestAssured_TestNG_Medicare.DeleteProduct -->
    </test> <!-- Default test -->
  </suite> <!-- Default suite -->
</testng-results>
