<?xml version="1.0" encoding="UTF-8"?>
<!-- Generated by org.testng.reporters.JUnitXMLReporter -->
<testsuite ignored="0" hostname="DESKTOP-KM0QCD1" failures="0" tests="3" name="Assignment_05" time="9.809" errors="0" timestamp="2024-01-23T22:49:43 IST">
  <testcase classname="Phase3.Assignment05.RestAssured.TestPetStoreFindByStatus" name="findPetsByAvailableStatus" time="3.952"/>
  <testcase classname="Phase3.Assignment05.RestAssured.TestPetStoreFindByStatus" name="findPetsByPendingStatus" time="2.964"/>
  <testcase classname="Phase3.Assignment05.RestAssured.TestPetStoreFindByStatus" name="findPetsBySoldStatus" time="2.879"/>
</testsuite> <!-- Assignment_05 -->
