<?xml version="1.0" encoding="UTF-8"?>
<!-- Generated by org.testng.reporters.JUnitXMLReporter -->
<testsuite ignored="0" hostname="DESKTOP-KM0QCD1" failures="0" tests="3" name="Assignment_01" time="15.586" errors="0" timestamp="2024-01-23T22:49:08 IST">
  <testcase classname="Phase3.Assignment01_RestAssured.PostRequest" name="testPostPet" time="9.613"/>
  <testcase classname="Phase3.Assignment01_RestAssured.GetRequest" name="testGetPet" time="2.973"/>
  <testcase classname="Phase3.Assignment01_RestAssured.DeleteRequest" name="testGetPet" time="2.864"/>
</testsuite> <!-- Assignment_01 -->
