<?xml version="1.0" encoding="UTF-8"?>
<!-- Generated by org.testng.reporters.JUnitXMLReporter -->
<testsuite ignored="0" hostname="DESKTOP-KM0QCD1" failures="0" tests="3" name="Assignment_02" time="8.807" errors="0" timestamp="2024-01-23T22:49:26 IST">
  <testcase classname="Phase3.Assignment02_RestAssured.putRequestMethod1" name="putCallTesting" time="2.948"/>
  <testcase classname="Phase3.Assignment02_RestAssured.putRequestMethod1" name="putCallTesting" time="2.947"/>
  <testcase classname="Phase3.Assignment02_RestAssured.putRequestMethod1" name="putCallTesting" time="2.893"/>
</testsuite> <!-- Assignment_02 -->
