<?xml version="1.0" encoding="UTF-8"?>
<testng-results ignored="0" total="1" passed="1" failed="0" skipped="0">
  <reporter-output>
  </reporter-output>
  <suite started-at="2024-01-18T22:43:12 IST" name="Default suite" finished-at="2024-01-18T22:43:22 IST" duration-ms="10404">
    <groups>
    </groups>
    <test started-at="2024-01-18T22:43:12 IST" name="Default test" finished-at="2024-01-18T22:43:22 IST" duration-ms="10404">
      <class name="Phase3.RestAssuredLearningPractice.practice5_GET_POST_XMLandJSON">
        <test-method signature="postXMLRequestTest()[pri:0, instance:Phase3.RestAssuredLearningPractice.practice5_GET_POST_XMLandJSON@694abbdc]" started-at="2024-01-18T22:43:12 IST" name="postXMLRequestTest" description="Test POST for Number conversion using XML" finished-at="2024-01-18T22:43:22 IST" duration-ms="10271" status="PASS">
          <reporter-output>
          </reporter-output>
        </test-method> <!-- postXMLRequestTest -->
      </class> <!-- Phase3.RestAssuredLearningPractice.practice5_GET_POST_XMLandJSON -->
    </test> <!-- Default test -->
  </suite> <!-- Default suite -->
</testng-results>
