<?xml version="1.0" encoding="UTF-8"?>
<testng-results ignored="0" total="4" passed="4" failed="0" skipped="0">
  <reporter-output>
  </reporter-output>
  <suite started-at="2024-01-22T20:10:16 IST" name="Default suite" finished-at="2024-01-22T20:10:25 IST" duration-ms="9054">
    <groups>
    </groups>
    <test started-at="2024-01-22T20:10:16 IST" name="Default test" finished-at="2024-01-22T20:10:25 IST" duration-ms="9054">
      <class name="Phase3.RestAssuredLearningPractice.practice4_SendXMLPayloadinRESTassuredParseXMLResponseinRESTAssured">
        <test-method signature="postXMLRequestTest(java.lang.String)[pri:0, instance:Phase3.RestAssuredLearningPractice.practice4_SendXMLPayloadinRESTassuredParseXMLResponseinRESTAssured@7ec7ffd3]" started-at="2024-01-22T20:10:16 IST" name="postXMLRequestTest" description="Test POST for country capital using XML" data-provider="countryCodes" finished-at="2024-01-22T20:10:21 IST" duration-ms="5255" status="PASS">
          <params>
            <param index="0">
              <value>
                <![CDATA[IN]]>
              </value>
            </param>
          </params>
          <reporter-output>
          </reporter-output>
        </test-method> <!-- postXMLRequestTest -->
        <test-method signature="postXMLRequestTest(java.lang.String)[pri:0, instance:Phase3.RestAssuredLearningPractice.practice4_SendXMLPayloadinRESTassuredParseXMLResponseinRESTAssured@7ec7ffd3]" started-at="2024-01-22T20:10:22 IST" name="postXMLRequestTest" description="Test POST for country capital using XML" data-provider="countryCodes" finished-at="2024-01-22T20:10:23 IST" duration-ms="1193" status="PASS">
          <params>
            <param index="0">
              <value>
                <![CDATA[US]]>
              </value>
            </param>
          </params>
          <reporter-output>
          </reporter-output>
        </test-method> <!-- postXMLRequestTest -->
        <test-method signature="postXMLRequestTest(java.lang.String)[pri:0, instance:Phase3.RestAssuredLearningPractice.practice4_SendXMLPayloadinRESTassuredParseXMLResponseinRESTAssured@7ec7ffd3]" started-at="2024-01-22T20:10:23 IST" name="postXMLRequestTest" description="Test POST for country capital using XML" data-provider="countryCodes" finished-at="2024-01-22T20:10:24 IST" duration-ms="1232" status="PASS">
          <params>
            <param index="0">
              <value>
                <![CDATA[CA]]>
              </value>
            </param>
          </params>
          <reporter-output>
          </reporter-output>
        </test-method> <!-- postXMLRequestTest -->
        <test-method signature="postXMLRequestTest(java.lang.String)[pri:0, instance:Phase3.RestAssuredLearningPractice.practice4_SendXMLPayloadinRESTassuredParseXMLResponseinRESTAssured@7ec7ffd3]" started-at="2024-01-22T20:10:24 IST" name="postXMLRequestTest" description="Test POST for country capital using XML" data-provider="countryCodes" finished-at="2024-01-22T20:10:25 IST" duration-ms="1213" status="PASS">
          <params>
            <param index="0">
              <value>
                <![CDATA[ML]]>
              </value>
            </param>
          </params>
          <reporter-output>
          </reporter-output>
        </test-method> <!-- postXMLRequestTest -->
      </class> <!-- Phase3.RestAssuredLearningPractice.practice4_SendXMLPayloadinRESTassuredParseXMLResponseinRESTAssured -->
    </test> <!-- Default test -->
  </suite> <!-- Default suite -->
</testng-results>
