<?xml version="1.0" encoding="UTF-8"?>
<!-- Generated by org.testng.reporters.JUnitXMLReporter -->
<testsuite ignored="0" hostname="DESKTOP-KM0QCD1" failures="1" tests="2" name="Surefire test" time="0.154" errors="0" timestamp="2023-12-19T18:14:45 IST">
  <testcase classname="com.simplilearn.testng.testng.listener.TestClass" name="testOne" time="0.018"/>
  <testcase classname="com.simplilearn.testng.testng.listener.TestClass" name="testTwo" time="0.028">
    <failure type="java.lang.AssertionError" message="expected [true] but found [false]">
      <![CDATA[java.lang.AssertionError: expected [true] but found [false]
at com.simplilearn.testng.testng.listener.TestClass.testTwo(TestClass.java:18)
at java.base/java.util.ArrayList.forEach(ArrayList.java:1511)
... Removed 36 stack frames]]>
    </failure>
  </testcase> <!-- testTwo -->
</testsuite> <!-- Surefire test -->
