<?xml version="1.0" encoding="UTF-8"?>
<!-- Generated by org.testng.reporters.JUnitXMLReporter -->
<testsuite ignored="0" hostname="DESKTOP-KM0QCD1" failures="0" tests="6" name="Medicare" time="8.519" errors="0" timestamp="2024-01-27T09:55:48 IST">
  <testcase classname="MphasisATE_CapstoneProjectRestAssured_TestNG_Medicare.GetProducts" name="testGetProducts" time="6.616"/>
  <testcase classname="MphasisATE_CapstoneProjectRestAssured_TestNG_Medicare.GetRegisteredUser" name="testGetProducts" time="0.191"/>
  <testcase classname="MphasisATE_CapstoneProjectRestAssured_TestNG_Medicare.PostAddProduct" name="testGetProducts" time="0.602"/>
  <testcase classname="MphasisATE_CapstoneProjectRestAssured_TestNG_Medicare.PutUpdateProduct" name="testPutUpdate" time="0.272"/>
  <testcase classname="MphasisATE_CapstoneProjectRestAssured_TestNG_Medicare.PutUpdateStatusProduct" name="testPostUpdateProductStatus" time="0.339"/>
  <testcase classname="MphasisATE_CapstoneProjectRestAssured_TestNG_Medicare.DeleteProduct" name="testGetProducts" time="0.296"/>
</testsuite> <!-- Medicare -->
