<?xml version="1.0" encoding="UTF-8"?>
<!-- Generated by org.testng.reporters.JUnitReportReporter -->
<testsuite hostname="DESKTOP-KM0QCD1" failures="0" tests="2" name="MphasisATE_CapstoneProject_Selenium_TestNG_Medicare.MedicareFilterProduct" time="21.146" errors="0" timestamp="2024-01-27T10:34:40 IST" skipped="0">
  <testcase classname="MphasisATE_CapstoneProject_Selenium_TestNG_Medicare.MedicareFilterProduct" name="testRegisterPage" time="3.030"/>
  <testcase classname="MphasisATE_CapstoneProject_Selenium_TestNG_Medicare.MedicareFilterProduct" name="Filtertheproduct" time="18.116"/>
</testsuite> <!-- MphasisATE_CapstoneProject_Selenium_TestNG_Medicare.MedicareFilterProduct -->
