<?xml version="1.0" encoding="UTF-8"?>
<!-- Generated by org.testng.reporters.JUnitXMLReporter -->
<testsuite ignored="0" hostname="DESKTOP-KM0QCD1" failures="0" tests="2" name="Default test" time="28.572" errors="0" timestamp="2024-01-27T10:29:53 IST">
  <testcase classname="MphasisATE_CapstoneProject_Selenium_TestNG_Medicare.MedicareFilterProduct" name="testRegisterPage" time="3.198"/>
  <testcase classname="MphasisATE_CapstoneProject_Selenium_TestNG_Medicare.MedicareFilterProduct" name="Filtertheproduct" time="17.775"/>
</testsuite> <!-- Default test -->
