<?xml version="1.0" encoding="UTF-8"?>
<testng-results ignored="0" total="6" passed="5" failed="1" skipped="0">
  <reporter-output>
  </reporter-output>
  <suite started-at="2023-12-22T19:58:23 IST" name="Default suite" finished-at="2023-12-22T19:58:23 IST" duration-ms="152">
    <groups>
    </groups>
    <test started-at="2023-12-22T19:58:23 IST" name="Default test" finished-at="2023-12-22T19:58:23 IST" duration-ms="152">
      <class name="Phase2.PracticeProject3.ElearningApp_TDD_TestNG.EcommerceTest">
        <test-method signature="EmptyCourse()[pri:0, instance:Phase2.PracticeProject3.ElearningApp_TDD_TestNG.EcommerceTest@10d307f1]" started-at="2023-12-22T19:58:23 IST" name="EmptyCourse" finished-at="2023-12-22T19:58:23 IST" duration-ms="21" status="PASS">
          <reporter-output>
          </reporter-output>
        </test-method> <!-- EmptyCourse -->
        <test-method signature="findcourse1()[pri:0, instance:Phase2.PracticeProject3.ElearningApp_TDD_TestNG.EcommerceTest@10d307f1]" started-at="2023-12-22T19:58:23 IST" name="findcourse1" finished-at="2023-12-22T19:58:23 IST" duration-ms="8" status="PASS">
          <reporter-output>
          </reporter-output>
        </test-method> <!-- findcourse1 -->
        <test-method signature="findcourse2()[pri:0, instance:Phase2.PracticeProject3.ElearningApp_TDD_TestNG.EcommerceTest@10d307f1]" started-at="2023-12-22T19:58:23 IST" name="findcourse2" finished-at="2023-12-22T19:58:23 IST" duration-ms="4" status="PASS">
          <reporter-output>
          </reporter-output>
        </test-method> <!-- findcourse2 -->
        <test-method signature="findcourse3()[pri:0, instance:Phase2.PracticeProject3.ElearningApp_TDD_TestNG.EcommerceTest@10d307f1]" started-at="2023-12-22T19:58:23 IST" name="findcourse3" finished-at="2023-12-22T19:58:23 IST" duration-ms="5" status="PASS">
          <reporter-output>
          </reporter-output>
        </test-method> <!-- findcourse3 -->
        <test-method signature="findcourse4()[pri:0, instance:Phase2.PracticeProject3.ElearningApp_TDD_TestNG.EcommerceTest@10d307f1]" started-at="2023-12-22T19:58:23 IST" name="findcourse4" finished-at="2023-12-22T19:58:23 IST" duration-ms="3" status="PASS">
          <reporter-output>
          </reporter-output>
        </test-method> <!-- findcourse4 -->
        <test-method signature="findcourse5()[pri:0, instance:Phase2.PracticeProject3.ElearningApp_TDD_TestNG.EcommerceTest@10d307f1]" started-at="2023-12-22T19:58:23 IST" name="findcourse5" finished-at="2023-12-22T19:58:23 IST" duration-ms="3" status="FAIL">
          <exception class="java.lang.NullPointerException">
            <message>
              <![CDATA[Topic Name does not exist]]>
            </message>
            <full-stacktrace>
              <![CDATA[java.lang.NullPointerException: Topic Name does not exist
at Phase2.PracticeProject3.ElearningApp_TDD_TestNG.ElearningApplication.getcourse(ElearningApplication.java:32)
at Phase2.PracticeProject3.ElearningApp_TDD_TestNG.EcommerceTest.findcourse5(EcommerceTest.java:67)
at java.base/jdk.internal.reflect.NativeMethodAccessorImpl.invoke0(Native Method)
at java.base/jdk.internal.reflect.NativeMethodAccessorImpl.invoke(NativeMethodAccessorImpl.java:77)
at java.base/jdk.internal.reflect.DelegatingMethodAccessorImpl.invoke(DelegatingMethodAccessorImpl.java:43)
at java.base/java.lang.reflect.Method.invoke(Method.java:568)
at org.testng.internal.MethodInvocationHelper.invokeMethod(MethodInvocationHelper.java:133)
at org.testng.internal.TestInvoker.invokeMethod(TestInvoker.java:598)
at org.testng.internal.TestInvoker.invokeTestMethod(TestInvoker.java:173)
at org.testng.internal.MethodRunner.runInSequence(MethodRunner.java:46)
at org.testng.internal.TestInvoker$MethodInvocationAgent.invoke(TestInvoker.java:824)
at org.testng.internal.TestInvoker.invokeTestMethods(TestInvoker.java:146)
at org.testng.internal.TestMethodWorker.invokeTestMethods(TestMethodWorker.java:146)
at org.testng.internal.TestMethodWorker.run(TestMethodWorker.java:128)
at java.base/java.util.ArrayList.forEach(ArrayList.java:1511)
at org.testng.TestRunner.privateRun(TestRunner.java:794)
at org.testng.TestRunner.run(TestRunner.java:596)
at org.testng.SuiteRunner.runTest(SuiteRunner.java:377)
at org.testng.SuiteRunner.runSequentially(SuiteRunner.java:371)
at org.testng.SuiteRunner.privateRun(SuiteRunner.java:332)
at org.testng.SuiteRunner.run(SuiteRunner.java:276)
at org.testng.SuiteRunnerWorker.runSuite(SuiteRunnerWorker.java:53)
at org.testng.SuiteRunnerWorker.run(SuiteRunnerWorker.java:96)
at org.testng.TestNG.runSuitesSequentially(TestNG.java:1212)
at org.testng.TestNG.runSuitesLocally(TestNG.java:1134)
at org.testng.TestNG.runSuites(TestNG.java:1063)
at org.testng.TestNG.run(TestNG.java:1031)
at org.testng.remote.AbstractRemoteTestNG.run(AbstractRemoteTestNG.java:115)
at org.testng.remote.RemoteTestNG.initAndRun(RemoteTestNG.java:251)
at org.testng.remote.RemoteTestNG.main(RemoteTestNG.java:77)
]]>
            </full-stacktrace>
          </exception> <!-- java.lang.NullPointerException -->
          <reporter-output>
          </reporter-output>
        </test-method> <!-- findcourse5 -->
      </class> <!-- Phase2.PracticeProject3.ElearningApp_TDD_TestNG.EcommerceTest -->
    </test> <!-- Default test -->
  </suite> <!-- Default suite -->
</testng-results>
